**********************
PowerShell transcript start
Start time: 20260617120914
Username: WINDOWS2026\adamg
RunAs User: WINDOWS2026\adamg
Configuration Name:
Machine: WINDOWS2026 (Microsoft Windows NT 10.0.26200.0)
Host Application: C:\Program Files\PowerShell\7\pwsh.dll -NoLogo -NoProfile -ExecutionPolicy Bypass -File .\scripts\Invoke-M365Stage8DWorkflowProof.ps1 -Apply -ApprovalPhrase record-stage-8d-internal-workflow-proof -NoPause
Process ID: 23600
PSVersion: 7.6.2
PSEdition: Core
GitCommitId: 7.6.2
OS: Microsoft Windows 10.0.26200
Platform: Win32NT
PSCompatibleVersions: 1.0, 2.0, 3.0, 4.0, 5.0, 5.1, 6.0, 7.0
PSRemotingProtocolVersion: 2.4
SerializationVersion: 1.1.0.1
WSManStackVersion: 3.0
**********************
Microsoft 365 Stage 8D - Internal workflow proof
Mode:       APPLY with typed approval
RecordKey:  GAIL-INTERNAL-WALKTHROUGH-PROD-20260617
Transcript: C:\Users\adamg\01. Code Projects\AG Operations Workspace Setup\inventory\stage-8d-functional-workflow-walkthrough\stage-8d-workflow-proof-20260617-120914.log
Safety:     Internal dummy List records only; no mail, sharing, guests, permissions, consent, policy, deletion, or automation.

Live write approval required.
Type exactly: record-stage-8d-internal-workflow-proof
Approval phrase supplied by command parameter.

== Connect to Guided AI Labs ==
Connected to https://agoperationsltd.sharepoint.com/sites/GuidedAILabs using O365
Connected user: adamgoodwin@guidedailabs.com
Preflight OK: readable site 'Guided AI Labs'

== Verify target Lists ==
  [OK] Found List: Guided AI Labs - Intake Register
  [OK] Found List: CRM - Organizations
  [OK] Found List: CRM - Contacts
  [OK] Found List: CRM - Engagements
  [OK] Found List: CRM - Qualification
  [OK] Found List: CRM - Stakeholder Map
  [OK] Found List: CRM - Touchpoints
  [OK] Found List: CRM - Action Queue
  [OK] Found List: CRM - Lifecycle Checklist
  [OK] Found List: CRM - Artifacts
  [OK] Found List: Agent Action Log

== Create or update workflow proof records ==
  [OK] Updated Guided AI Labs - Intake Register item #1: GAIL-INTERNAL-WALKTHROUGH-PROD-20260617 - Internal readiness signal
  [OK] Updated CRM - Organizations item #1: GAIL-INTERNAL-WALKTHROUGH-PROD-20260617 - Guided AI Labs Internal Proof
  [OK] Updated CRM - Contacts item #1: GAIL-INTERNAL-WALKTHROUGH-PROD-20260617 - Adam Internal Operator
  [OK] Updated CRM - Engagements item #1: GAIL-INTERNAL-WALKTHROUGH-PROD-20260617 - CRM workflow proof
  [OK] Updated CRM - Qualification item #1: GAIL-INTERNAL-WALKTHROUGH-PROD-20260617 - Qualification
  [OK] Updated CRM - Stakeholder Map item #1: GAIL-INTERNAL-WALKTHROUGH-PROD-20260617 - Stakeholder role
  [OK] Updated CRM - Touchpoints item #1: GAIL-INTERNAL-WALKTHROUGH-PROD-20260617 - Internal touchpoint
  [OK] Updated CRM - Action Queue item #1: GAIL-INTERNAL-WALKTHROUGH-PROD-20260617 - Next CRM action
  [OK] Updated CRM - Lifecycle Checklist item #1: GAIL-INTERNAL-WALKTHROUGH-PROD-20260617 - Handoff checklist
  [OK] Updated CRM - Artifacts item #1: GAIL-INTERNAL-WALKTHROUGH-PROD-20260617 - Handoff evidence
  [OK] Updated Agent Action Log item #6: GAIL-INTERNAL-WALKTHROUGH-PROD-20260617 - Stage 8D workflow proof logged
Read-back CSV: C:\Users\adamg\01. Code Projects\AG Operations Workspace Setup\inventory\stage-8d-functional-workflow-walkthrough\stage-8d-workflow-proof-readback-20260617-120914.csv

== Done ==
Stage 8D internal workflow proof completed.
**********************
PowerShell transcript end
End time: 20260617121023
**********************
