**********************
PowerShell transcript start
Start time: 20260615131155
Username: WINDOWS2026\adamg
RunAs User: WINDOWS2026\adamg
Configuration Name:
Machine: WINDOWS2026 (Microsoft Windows NT 10.0.26200.0)
Host Application: C:\Program Files\PowerShell\7\pwsh.dll -NoProfile -ExecutionPolicy Bypass -NoExit -File C:\Users\adamg\01. Code Projects\AG Operations Workspace Setup\scripts\Invoke-M365Stage8AVerifyRelationshipCrm.ps1
Process ID: 15696
PSVersion: 7.6.2
PSEdition: Core
GitCommitId: 7.6.2
OS: Microsoft Windows 10.0.26200
Platform: Win32NT
PSCompatibleVersions: 1.0, 2.0, 3.0, 4.0, 5.0, 5.1, 6.0, 7.0
PSRemotingProtocolVersion: 2.4
SerializationVersion: 1.1.0.1
WSManStackVersion: 3.0
**********************
Microsoft 365 Stage 8A - Relationship CRM Verification
Site:       https://agoperationsltd.sharepoint.com/sites/GuidedAILabs
Config:     C:\Users\adamg\01. Code Projects\AG Operations Workspace Setup\.\config\M365_STAGE_8A_RELATIONSHIP_CRM.json
Transcript: C:\Users\adamg\01. Code Projects\AG Operations Workspace Setup\.\inventory\stage-8a-relationship-crm\stage-8a-relationship-crm-verify-20260615-131155.log

Scope: read-only verification.

Stage 8A Relationship CRM verification PASS: C:\Users\adamg\01. Code Projects\AG Operations Workspace Setup\.\inventory\stage-8a-relationship-crm\STAGE_8A_RELATIONSHIP_CRM_VERIFY.md
**********************
PowerShell transcript end
End time: 20260615131401
**********************
