**********************
PowerShell transcript start
Start time: 20260622103608
Username: WINDOWS2026\adamg
RunAs User: WINDOWS2026\adamg
Configuration Name: 
Machine: WINDOWS2026 (Microsoft Windows NT 10.0.26200.0)
Host Application: C:\Program Files\PowerShell\7\pwsh.dll -NoProfile -File scripts/spo/Verify-CrmSharePoint.ps1 -NoPause
Process ID: 7812
PSVersion: 7.6.2
PSEdition: Core
GitCommitId: 7.6.2
OS: Microsoft Windows 10.0.26200
Platform: Win32NT
PSCompatibleVersions: 1.0, 2.0, 3.0, 4.0, 5.0, 5.1, 6.0, 7.0
PSRemotingProtocolVersion: 2.4
SerializationVersion: 1.1.0.1
WSManStackVersion: 3.0
**********************
CRM Recovery Chunk 3 - Verifier (READ ONLY)
Site:       https://agoperationsltd.sharepoint.com/sites/GuidedAILabs
Intake:     CRM - New Signals
Output:     C:\Users\adamg\01. Code Projects\AG Operations Workspace Setup\.\inventory\crm-verify


CRM verifier PASS: C:\Users\adamg\01. Code Projects\AG Operations Workspace Setup\.\inventory\crm-verify\CRM_VERIFY.md
Failures: 0 | Warnings: 0
**********************
PowerShell transcript end
End time: 20260622103908
**********************
