**********************
PowerShell transcript start
Start time: 20260614213452
Username: WINDOWS2026\adamg
RunAs User: WINDOWS2026\adamg
Configuration Name: 
Machine: WINDOWS2026 (Microsoft Windows NT 10.0.26200.0)
Host Application: C:\Program Files\PowerShell\7\pwsh.dll -Command try { [Console]::OutputEncoding=[System.Text.Encoding]::UTF8 } catch {}
.\scripts\Invoke-M365Stage8VerifyWorkspaceShape.ps1 -NoPause
Process ID: 9820
PSVersion: 7.6.2
PSEdition: Core
GitCommitId: 7.6.2
OS: Microsoft Windows 10.0.26200
Platform: Win32NT
PSCompatibleVersions: 1.0, 2.0, 3.0, 4.0, 5.0, 5.1, 6.0, 7.0
PSRemotingProtocolVersion: 2.4
SerializationVersion: 1.1.0.1
WSManStackVersion: 3.0
**********************
Microsoft 365 Stage 8 - Workspace Shape Verification
Site:       https://agoperationsltd.sharepoint.com/sites/GuidedAILabs
Config:     C:\Users\adamg\01. Code Projects\AG Operations Workspace Setup\.\config\M365_STAGE_8_WORKSPACE_SHAPE.json
Transcript: C:\Users\adamg\01. Code Projects\AG Operations Workspace Setup\.\inventory\stage-8-client-workspace-reference\workspace-shape\stage-8-workspace-shape-verify-20260614-213452.log

Scope: read-only page and navigation verification.

Stage 8 workspace shape verification PARTIAL: C:\Users\adamg\01. Code Projects\AG Operations Workspace Setup\.\inventory\stage-8-client-workspace-reference\workspace-shape\STAGE_8_WORKSPACE_SHAPE_VERIFY.md
**********************
PowerShell transcript end
End time: 20260614213506
**********************
