**********************
PowerShell transcript start
Start time: 20260615154611
Username: WINDOWS2026\adamg
RunAs User: WINDOWS2026\adamg
Configuration Name:
Machine: WINDOWS2026 (Microsoft Windows NT 10.0.26200.0)
Host Application: C:\Program Files\PowerShell\7\pwsh.dll -NoProfile -ExecutionPolicy Bypass -File .\scripts\Set-GuidedAILabsOperationsPortal.ps1 -NoPause
Process ID: 7076
PSVersion: 7.6.2
PSEdition: Core
GitCommitId: 7.6.2
OS: Microsoft Windows 10.0.26200
Platform: Win32NT
PSCompatibleVersions: 1.0, 2.0, 3.0, 4.0, 5.0, 5.1, 6.0, 7.0
PSRemotingProtocolVersion: 2.4
SerializationVersion: 1.1.0.1
WSManStackVersion: 3.0
**********************
Guided AI Labs SharePoint operations portal cleanup
Site:       https://agoperationsltd.sharepoint.com/sites/GuidedAILabs
Transcript: C:\Users\adamg\01. Code Projects\AG Operations Workspace Setup\inventory\gail-sharepoint-portal\gail-operations-portal-20260615-154611.log

PS>TerminatingError(Get-PnPPage): "The running command stopped because the preference variable "ErrorActionPreference" or common parameter is set to Stop: Page 'Guided-AI-Labs-Operations-Portal.aspx' does not exist"
Creating portal page: Guided-AI-Labs-Operations-Portal.aspx
Homepage set to: SitePages/Guided-AI-Labs-Operations-Portal.aspx
Evidence written: C:\Users\adamg\01. Code Projects\AG Operations Workspace Setup\inventory\gail-sharepoint-portal\GAIL_OPERATIONS_PORTAL_20260615-154611.md
**********************
PowerShell transcript end
End time: 20260615154649
**********************
