**********************
Windows PowerShell transcript start
Start time: 20260615154605
Username: WINDOWS2026\adamg
RunAs User: WINDOWS2026\adamg
Configuration Name:
Machine: WINDOWS2026 (Microsoft Windows NT 10.0.26200.0)
Host Application: C:\WINDOWS\System32\WindowsPowerShell\v1.0\powershell.exe -ExecutionPolicy Bypass -File .\scripts\Set-GuidedAILabsOperationsPortal.ps1 -NoPause
Process ID: 25556
PSVersion: 5.1.26100.8655
PSEdition: Desktop
PSCompatibleVersions: 1.0, 2.0, 3.0, 4.0, 5.0, 5.1.26100.8655
BuildVersion: 10.0.26100.8655
CLRVersion: 4.0.30319.42000
WSManStackVersion: 3.0
PSRemotingProtocolVersion: 2.3
SerializationVersion: 1.1.0.1
**********************
Guided AI Labs SharePoint operations portal cleanup
Site:       https://agoperationsltd.sharepoint.com/sites/GuidedAILabs
Transcript: C:\Users\adamg\01. Code Projects\AG Operations Workspace Setup\inventory\gail-sharepoint-portal\gail-operations-portal-20260615-154605.log

PS>TerminatingError(): "PnP.PowerShell is not available in this PowerShell host."
PnP.PowerShell is not available in this PowerShell host.
At C:\Users\adamg\01. Code Projects\AG Operations Workspace Setup\scripts\Set-GuidedAILabsOperationsPortal.ps1:128
char:5
+     throw "PnP.PowerShell is not available in this PowerShell host."
+     ~~~~~~~~~~~~~~~~~~~~~~~~~~~~~~~~~~~~~~~~~~~~~~~~~~~~~~~~~~~~~~~~
    + CategoryInfo          : OperationStopped: (PnP.PowerShell ...owerShell host.:String) [], RuntimeException
    + FullyQualifiedErrorId : PnP.PowerShell is not available in this PowerShell host.

**********************
Windows PowerShell transcript end
End time: 20260615154605
**********************
