**********************
PowerShell transcript start
Start time: 20260620095617
Username: WINDOWS2026\adamg
RunAs User: WINDOWS2026\adamg
Configuration Name: 
Machine: WINDOWS2026 (Microsoft Windows NT 10.0.26200.0)
Host Application: C:\Program Files\PowerShell\7\pwsh.dll -NoProfile -ExecutionPolicy Bypass -NoExit -File C:\Users\adamg\01. Code Projects\AG Operations Workspace Setup\scripts\Invoke-M365SpineCloseoutRecord.ps1 -Apply
Process ID: 25104
PSVersion: 7.6.2
PSEdition: Core
GitCommitId: 7.6.2
OS: Microsoft Windows 10.0.26200
Platform: Win32NT
PSCompatibleVersions: 1.0, 2.0, 3.0, 4.0, 5.0, 5.1, 6.0, 7.0
PSRemotingProtocolVersion: 2.4
SerializationVersion: 1.1.0.1
WSManStackVersion: 3.0
**********************

== Connect ==
Connected to https://agoperationsltd.sharepoint.com/sites/GuidedAILabs using O365
Connected user: adamgoodwin@guidedailabs.com
Preflight OK: readable site 'Guided AI Labs'

== Verify target Lists ==
  Found Decision Register: Decision Register
  Found Agent Action Log: Agent Action Log

== Approval ==

== Record closeout evidence ==
  [OK] Created Decision Register item #4: Stage 7 security and governance closed (2026-06-20)
  [OK] Created Decision Register item #5: Stage 9 agentic bridge declared ready; production adapter deferred (2026-06-20)
  [OK] Created Agent Action Log item #7: Stage 7 Viva Engage sharing exception disabled and stage closed
  [OK] Created Agent Action Log item #8: Stage 9 readiness declared; adapter graduation deferred

== Done ==
Phase 1 spine closeout records written to Microsoft Lists. Stage 7 closed; Stage 9 declared ready (adapter deferred).
Transcript: C:\Users\adamg\01. Code Projects\AG Operations Workspace Setup\inventory\stage-7-security-governance\spine-closeout-record-20260620-095617.log
**********************
PowerShell transcript end
End time: 20260620095639
**********************
