**********************
PowerShell transcript start
Start time: 20260614193151
Username: WINDOWS2026\adamg
RunAs User: WINDOWS2026\adamg
Configuration Name: 
Machine: WINDOWS2026 (Microsoft Windows NT 10.0.26200.0)
Host Application: C:\Program Files\PowerShell\7\pwsh.dll -Command try { [Console]::OutputEncoding=[System.Text.Encoding]::UTF8 } catch {}
.\scripts\Invoke-M365Stage7GovernanceWriteWindow.ps1 -NoPause
Process ID: 18996
PSVersion: 7.6.2
PSEdition: Core
GitCommitId: 7.6.2
OS: Microsoft Windows 10.0.26200
Platform: Win32NT
PSCompatibleVersions: 1.0, 2.0, 3.0, 4.0, 5.0, 5.1, 6.0, 7.0
PSRemotingProtocolVersion: 2.4
SerializationVersion: 1.1.0.1
WSManStackVersion: 3.0
**********************
Microsoft 365 Stage 7 - Governance Write Window
Mode:       DRY RUN
Transcript: C:\Users\adamg\01. Code Projects\AG Operations Workspace Setup\inventory\stage-7-security-governance\stage-7-governance-write-window-20260614-193151.log

Planned changes:
- Entra guest invitations: allowInvitesFrom -> adminsAndGuestInviters
- SharePoint tenant sharing: SharingCapability -> ExternalUserSharingOnly
- SharePoint default link: DefaultSharingLinkType -> Direct

This operator does not invite guests, create links, revoke app grants, delete records, send messages, or change calendar commitments.

Dry run only. Re-run with -Apply and type the approval phrase to make these tenant policy changes.
**********************
PowerShell transcript end
End time: 20260614193151
**********************
