**********************
PowerShell transcript start
Start time: 20260614203111
Username: WINDOWS2026\adamg
RunAs User: WINDOWS2026\adamg
Configuration Name: 
Machine: WINDOWS2026 (Microsoft Windows NT 10.0.26200.0)
Host Application: C:\Program Files\PowerShell\7\pwsh.dll -Command try { [Console]::OutputEncoding=[System.Text.Encoding]::UTF8 } catch {}
.\scripts\Invoke-M365Stage7SiteSharingExceptionWindow.ps1 -NoPause
Process ID: 11312
PSVersion: 7.6.2
PSEdition: Core
GitCommitId: 7.6.2
OS: Microsoft Windows 10.0.26200
Platform: Win32NT
PSCompatibleVersions: 1.0, 2.0, 3.0, 4.0, 5.0, 5.1, 6.0, 7.0
PSRemotingProtocolVersion: 2.4
SerializationVersion: 1.1.0.1
WSManStackVersion: 3.0
**********************
Microsoft 365 Stage 7 - Site Sharing Exception Window
Mode:       DRY RUN
Admin URL:  https://agoperationsltd-admin.sharepoint.com
Transcript: C:\Users\adamg\01. Code Projects\AG Operations Workspace Setup\inventory\stage-7-security-governance\stage-7-site-sharing-exception-window-20260614-203111.log

Planned site-level changes:
- https://agoperationsltd.sharepoint.com/: SharingCapability -> Disabled
- https://agoperationsltd.sharepoint.com/sites/A.G.OperationsLtd: SharingCapability -> Disabled
- https://agoperationsltd.sharepoint.com/sites/allcompany: SharingCapability -> Disabled

This operator does not delete sites, change site memberships, invite guests, create links, revoke app grants, send messages, or change tenant-wide sharing policy.

Dry run only. Re-run with -Apply and type the approval phrase to disable these site-level sharing exceptions.
**********************
PowerShell transcript end
End time: 20260614203111
**********************
