**********************
PowerShell transcript start
Start time: 20260614201541
Username: WINDOWS2026\adamg
RunAs User: WINDOWS2026\adamg
Configuration Name: 
Machine: WINDOWS2026 (Microsoft Windows NT 10.0.26200.0)
Host Application: C:\Program Files\PowerShell\7\pwsh.dll -NoProfile -ExecutionPolicy Bypass -NoExit -File C:\Users\adamg\01. Code Projects\AG Operations Workspace Setup\scripts\Invoke-M365Stage7RecordGovernanceDecision.ps1 -Apply
Process ID: 1416
PSVersion: 7.6.2
PSEdition: Core
GitCommitId: 7.6.2
OS: Microsoft Windows 10.0.26200
Platform: Win32NT
PSCompatibleVersions: 1.0, 2.0, 3.0, 4.0, 5.0, 5.1, 6.0, 7.0
PSRemotingProtocolVersion: 2.4
SerializationVersion: 1.1.0.1
WSManStackVersion: 3.0
**********************
Microsoft 365 Stage 7 - Record governance decision
Site:   https://agoperationsltd.sharepoint.com/sites/GuidedAILabs
Log:    C:\Users\adamg\01. Code Projects\AG Operations Workspace Setup\inventory\stage-7-security-governance\stage-7-record-governance-decision-20260614-201541.log
Mode:   APPLY list records
Writes: Decision Register, Agent Action Log only

== Connect ==
Connected to https://agoperationsltd.sharepoint.com/sites/GuidedAILabs using O365
Connected user: adamgoodwin@guidedailabs.com
Preflight OK: readable site 'Guided AI Labs'

== Verify target Lists ==
  Found Decision Register: Decision Register
  Found Agent Action Log: Agent Action Log

== Record operating evidence ==
  [OK] Updated Decision Register item #1: Stage 7 governance baseline tightened and verified
  [OK] Updated Agent Action Log item #1: Stage 7 governance write window applied and verified

== Done ==
Stage 7 governance decision and agent action records are now written to Microsoft Lists.
Transcript: C:\Users\adamg\01. Code Projects\AG Operations Workspace Setup\inventory\stage-7-security-governance\stage-7-record-governance-decision-20260614-201541.log
**********************
PowerShell transcript end
End time: 20260614201551
**********************
