**********************
PowerShell transcript start
Start time: 20260614193729
Username: WINDOWS2026\adamg
RunAs User: WINDOWS2026\adamg
Configuration Name: 
Machine: WINDOWS2026 (Microsoft Windows NT 10.0.26200.0)
Host Application: C:\Program Files\PowerShell\7\pwsh.dll -NoProfile -ExecutionPolicy Bypass -NoExit -File C:\Users\adamg\01. Code Projects\AG Operations Workspace Setup\scripts\Invoke-M365Stage7GovernanceWriteWindow.ps1 -Apply
Process ID: 17908
PSVersion: 7.6.2
PSEdition: Core
GitCommitId: 7.6.2
OS: Microsoft Windows 10.0.26200
Platform: Win32NT
PSCompatibleVersions: 1.0, 2.0, 3.0, 4.0, 5.0, 5.1, 6.0, 7.0
PSRemotingProtocolVersion: 2.4
SerializationVersion: 1.1.0.1
WSManStackVersion: 3.0
**********************
Microsoft 365 Stage 7 - Governance Write Window
Mode:       APPLY
Transcript: C:\Users\adamg\01. Code Projects\AG Operations Workspace Setup\inventory\stage-7-security-governance\stage-7-governance-write-window-20260614-193729.log

Planned changes:
- Entra guest invitations: allowInvitesFrom -> adminsAndGuestInviters
- SharePoint tenant sharing: SharingCapability -> ExternalUserSharingOnly
- SharePoint default link: DefaultSharingLinkType -> Direct

This operator does not invite guests, create links, revoke app grants, delete records, send messages, or change calendar commitments.


Connecting to Microsoft Graph for authorization policy update...
Connected Graph account: adamgoodwin@guidedailabs.com
Updated Entra guest invitation policy.

Connecting to SharePoint admin endpoint for tenant sharing update...
Updated SharePoint tenant sharing policy.

Stage 7 governance write window complete. Re-run read-only Stage 7 inventory for verification.
**********************
PowerShell transcript end
End time: 20260614193809
**********************
