**********************
PowerShell transcript start
Start time: 20260614200609
Username: WINDOWS2026\adamg
RunAs User: WINDOWS2026\adamg
Configuration Name: 
Machine: WINDOWS2026 (Microsoft Windows NT 10.0.26200.0)
Host Application: C:\Program Files\PowerShell\7\pwsh.dll -Command try { [Console]::OutputEncoding=[System.Text.Encoding]::UTF8 } catch {}
.\scripts\Invoke-M365Stage7RecordGovernanceDecision.ps1 -Apply -NoPause
Process ID: 1752
PSVersion: 7.6.2
PSEdition: Core
GitCommitId: 7.6.2
OS: Microsoft Windows 10.0.26200
Platform: Win32NT
PSCompatibleVersions: 1.0, 2.0, 3.0, 4.0, 5.0, 5.1, 6.0, 7.0
PSRemotingProtocolVersion: 2.4
SerializationVersion: 1.1.0.1
WSManStackVersion: 3.0
**********************
Microsoft 365 Stage 7 - Record governance decision
Site:   https://agoperationsltd.sharepoint.com/sites/GuidedAILabs
Log:    C:\Users\adamg\01. Code Projects\AG Operations Workspace Setup\inventory\stage-7-security-governance\stage-7-record-governance-decision-20260614-200609.log
Mode:   APPLY list records
Writes: Decision Register, Agent Action Log only

== Connect ==
Connected to https://agoperationsltd.sharepoint.com/sites/GuidedAILabs using O365
Connected user: adamgoodwin@guidedailabs.com
Preflight OK: readable site 'Guided AI Labs'
PS>TerminatingError(): "The term 'Ensure-PnPUser' is not recognized as a name of a cmdlet, function, script file, or executable program.
Check the spelling of the name, or if a path was included, verify that the path is correct and try again."
>> TerminatingError(): "The term 'Ensure-PnPUser' is not recognized as a name of a cmdlet, function, script file, or executable program.
Check the spelling of the name, or if a path was included, verify that the path is correct and try again."
Ensure-PnPUser: C:\Users\adamg\01. Code Projects\AG Operations Workspace Setup\scripts\Invoke-M365Stage7RecordGovernanceDecision.ps1:163
Line |
 163 |  $owner = Ensure-PnPUser -LoginName $OwnerUpn
     |           ~~~~~~~~~~~~~~
     | The term 'Ensure-PnPUser' is not recognized as a name of a cmdlet, function, script file, or executable program.
     | Check the spelling of the name, or if a path was included, verify that the path is correct and try again.

PS>$global:?
False
**********************
PowerShell transcript end
End time: 20260614200611
**********************
