**********************
PowerShell transcript start
Start time: 20260620095057
Username: WINDOWS2026\adamg
RunAs User: WINDOWS2026\adamg
Configuration Name: 
Machine: WINDOWS2026 (Microsoft Windows NT 10.0.26200.0)
Host Application: C:\Program Files\PowerShell\7\pwsh.dll -NoProfile -ExecutionPolicy Bypass -NoExit -File C:\Users\adamg\01. Code Projects\AG Operations Workspace Setup\scripts\Invoke-M365Stage7SiteSharingExceptionWindow.ps1 -Apply -IncludeVivaEngageSystemSite
Process ID: 11436
PSVersion: 7.6.2
PSEdition: Core
GitCommitId: 7.6.2
OS: Microsoft Windows 10.0.26200
Platform: Win32NT
PSCompatibleVersions: 1.0, 2.0, 3.0, 4.0, 5.0, 5.1, 6.0, 7.0
PSRemotingProtocolVersion: 2.4
SerializationVersion: 1.1.0.1
WSManStackVersion: 3.0
**********************
Microsoft 365 Stage 7 - Site Sharing Exception Window
Mode:       APPLY
Admin URL:  https://agoperationsltd-admin.sharepoint.com
Transcript: C:\Users\adamg\01. Code Projects\AG Operations Workspace Setup\inventory\stage-7-security-governance\stage-7-site-sharing-exception-window-20260620-095057.log

Planned site-level changes:
- https://agoperationsltd.sharepoint.com/: SharingCapability -> Disabled
- https://agoperationsltd.sharepoint.com/sites/A.G.OperationsLtd: SharingCapability -> Disabled
- https://agoperationsltd.sharepoint.com/sites/allcompany: SharingCapability -> Disabled
- https://agoperationsltd.sharepoint.com/sites/groupforanswersinvivaengagedonotdelete1521570944958464273: SharingCapability -> Disabled

This operator does not delete sites, change site memberships, invite guests, create links, revoke app grants, send messages, or change tenant-wide sharing policy.


Connecting to SharePoint admin endpoint...
Disabling external sharing for https://agoperationsltd.sharepoint.com/...
  [OK] https://agoperationsltd.sharepoint.com/
Disabling external sharing for https://agoperationsltd.sharepoint.com/sites/A.G.OperationsLtd...
  [OK] https://agoperationsltd.sharepoint.com/sites/A.G.OperationsLtd
Disabling external sharing for https://agoperationsltd.sharepoint.com/sites/allcompany...
  [OK] https://agoperationsltd.sharepoint.com/sites/allcompany
Disabling external sharing for https://agoperationsltd.sharepoint.com/sites/groupforanswersinvivaengagedonotdelete1521570944958464273...
  [OK] https://agoperationsltd.sharepoint.com/sites/groupforanswersinvivaengagedonotdelete1521570944958464273

Stage 7 site sharing exception cleanup complete. Re-run SharePoint sharing inventory for read-back verification.
**********************
PowerShell transcript end
End time: 20260620095126
**********************
