**********************
PowerShell transcript start
Start time: 20260620222234
Username: WINDOWS2026\adamg
RunAs User: WINDOWS2026\adamg
Configuration Name: 
Machine: WINDOWS2026 (Microsoft Windows NT 10.0.26200.0)
Host Application: C:\Program Files\PowerShell\7\pwsh.dll -NoProfile -ExecutionPolicy Bypass -NoExit -File C:\Users\adamg\01. Code Projects\AG Operations Workspace Setup\scripts\spo\Export-CrmBaseline.ps1
Process ID: 18908
PSVersion: 7.6.2
PSEdition: Core
GitCommitId: 7.6.2
OS: Microsoft Windows 10.0.26200
Platform: Win32NT
PSCompatibleVersions: 1.0, 2.0, 3.0, 4.0, 5.0, 5.1, 6.0, 7.0
PSRemotingProtocolVersion: 2.4
SerializationVersion: 1.1.0.1
WSManStackVersion: 3.0
**********************
CRM Recovery Chunk 2 - Read-Only Baseline Export
Site:       https://agoperationsltd.sharepoint.com/sites/GuidedAILabs
Config dir: C:\Users\adamg\01. Code Projects\AG Operations Workspace Setup\.\config
Output:     C:\Users\adamg\01. Code Projects\AG Operations Workspace Setup\.\inventory\crm-baseline
Transcript: C:\Users\adamg\01. Code Projects\AG Operations Workspace Setup\.\inventory\crm-baseline\crm-baseline-20260620-222234.log

Scope: READ ONLY. No create/update/delete/invite/share/consent/mail.


Baseline export complete: C:\Users\adamg\01. Code Projects\AG Operations Workspace Setup\.\inventory\crm-baseline\CRM_BASELINE_EXPORT.md
Lists missing: 0 | Blocked-visible: 0 | Nav-legacy: 0
**********************
PowerShell transcript end
End time: 20260620222646
**********************
