**********************
PowerShell transcript start
Start time: 20260615153224
Username: WINDOWS2026\adamg
RunAs User: WINDOWS2026\adamg
Configuration Name:
Machine: WINDOWS2026 (Microsoft Windows NT 10.0.26200.0)
Host Application: C:\Program Files\PowerShell\7\pwsh.dll -NoProfile -ExecutionPolicy Bypass -File .\scripts\Publish-M365LoginAccountGuide.ps1
Process ID: 15684
PSVersion: 7.6.2
PSEdition: Core
GitCommitId: 7.6.2
OS: Microsoft Windows 10.0.26200
Platform: Win32NT
PSCompatibleVersions: 1.0, 2.0, 3.0, 4.0, 5.0, 5.1, 6.0, 7.0
PSRemotingProtocolVersion: 2.4
SerializationVersion: 1.1.0.1
WSManStackVersion: 3.0
**********************
Publishing Microsoft 365 Login And Account Guide
Safety: page/navigation only; no permissions, guests, external sharing, tenant policy, CRM data, mail, or automation changes.

Site: https://agoperationsltd.sharepoint.com
Cache used. Clear the cache entry with Disconnect-PnPOnline
PS>TerminatingError(Get-PnPPage): "The running command stopped because the preference variable "ErrorActionPreference" or common parameter is set to Stop: Page 'Login-And-Account-Guide.aspx' does not exist"
  Created page: Login-And-Account-Guide.aspx
  Added nav link: Login Guide

Site: https://agoperationsltd.sharepoint.com/sites/AGOperations
Cache used. Clear the cache entry with Disconnect-PnPOnline
PS>TerminatingError(Get-PnPPage): "The running command stopped because the preference variable "ErrorActionPreference" or common parameter is set to Stop: Page 'Login-And-Account-Guide.aspx' does not exist"
  Created page: Login-And-Account-Guide.aspx
  Added nav link: Login Guide

Site: https://agoperationsltd.sharepoint.com/sites/GuidedAILabs
Cache used. Clear the cache entry with Disconnect-PnPOnline
PS>TerminatingError(Get-PnPPage): "The running command stopped because the preference variable "ErrorActionPreference" or common parameter is set to Stop: Page 'Login-And-Account-Guide.aspx' does not exist"
  Created page: Login-And-Account-Guide.aspx
  Added nav link: Login Guide

Site: https://agoperationsltd.sharepoint.com/sites/A.G.OperationsLtd
Cache used. Clear the cache entry with Disconnect-PnPOnline
PS>TerminatingError(Get-PnPPage): "The running command stopped because the preference variable "ErrorActionPreference" or common parameter is set to Stop: Page 'Login-And-Account-Guide.aspx' does not exist"
  Created page: Login-And-Account-Guide.aspx
  Added nav link: Login Guide

Site: https://agoperationsltd.sharepoint.com/sites/allcompany
Cache used. Clear the cache entry with Disconnect-PnPOnline
PS>TerminatingError(Get-PnPPage): "The running command stopped because the preference variable "ErrorActionPreference" or common parameter is set to Stop: Page 'Login-And-Account-Guide.aspx' does not exist"
  Created page: Login-And-Account-Guide.aspx
  Added nav link: Login Guide

Site: https://agoperationsltd.sharepoint.com/sites/ChangeLeadershipTools
Cache used. Clear the cache entry with Disconnect-PnPOnline
PS>TerminatingError(Get-PnPPage): "The running command stopped because the preference variable "ErrorActionPreference" or common parameter is set to Stop: Page 'Login-And-Account-Guide.aspx' does not exist"
  Created page: Login-And-Account-Guide.aspx
  Added nav link: Login Guide

Site: https://agoperationsltd.sharepoint.com/sites/GuidedAIJourney
Cache used. Clear the cache entry with Disconnect-PnPOnline
PS>TerminatingError(Get-PnPPage): "The running command stopped because the preference variable "ErrorActionPreference" or common parameter is set to Stop: Page 'Login-And-Account-Guide.aspx' does not exist"
  Created page: Login-And-Account-Guide.aspx
  Added nav link: Login Guide

Site: https://agoperationsltd.sharepoint.com/sites/SharedLibraries
Cache used. Clear the cache entry with Disconnect-PnPOnline
PS>TerminatingError(Get-PnPPage): "The running command stopped because the preference variable "ErrorActionPreference" or common parameter is set to Stop: Page 'Login-And-Account-Guide.aspx' does not exist"
  Created page: Login-And-Account-Guide.aspx
  Added nav link: Login Guide

Login guide publish result: PASS
Summary: C:\Users\adamg\01. Code Projects\AG Operations Workspace Setup\inventory\access-repair\LOGIN_ACCOUNT_GUIDE_PUBLISH_20260615-153224.md
CSV: C:\Users\adamg\01. Code Projects\AG Operations Workspace Setup\inventory\access-repair\login-account-guide-publish-20260615-153224.csv
**********************
PowerShell transcript end
End time: 20260615153345
**********************
