**********************
PowerShell transcript start
Start time: 20260615150954
Username: WINDOWS2026\adamg
RunAs User: WINDOWS2026\adamg
Configuration Name:
Machine: WINDOWS2026 (Microsoft Windows NT 10.0.26200.0)
Host Application: C:\Program Files\PowerShell\7\pwsh.dll -NoProfile -ExecutionPolicy Bypass -File .\scripts\Set-M365RootSharePointSingleDoor.ps1
Process ID: 17912
PSVersion: 7.6.2
PSEdition: Core
GitCommitId: 7.6.2
OS: Microsoft Windows 10.0.26200
Platform: Win32NT
PSCompatibleVersions: 1.0, 2.0, 3.0, 4.0, 5.0, 5.1, 6.0, 7.0
PSRemotingProtocolVersion: 2.4
SerializationVersion: 1.1.0.1
WSManStackVersion: 3.0
**********************
Microsoft 365 root SharePoint single-door setup
Root site: https://agoperationsltd.sharepoint.com
Daily operating site: https://agoperationsltd.sharepoint.com/sites/GuidedAILabs
Safety: page and navigation routing only; no permissions, guests, sharing, tenant policy, CRM data, or deletions.
Cache used. Clear the cache entry with Disconnect-PnPOnline
Connected to Communication site <https://agoperationsltd.sharepoint.com>
Previous homepage: SitePages/Guided-AI-Labs-Operating-Door.aspx
Page already exists: Guided-AI-Labs-Operating-Door.aspx
Setting root homepage to SitePages/Guided-AI-Labs-Operating-Door.aspx
Adding root quick launch link: Guided AI Labs -> https://agoperationsltd.sharepoint.com/sites/GuidedAILabs

Single-door setup result: PASS
Summary: C:\Users\adamg\01. Code Projects\AG Operations Workspace Setup\inventory\access-repair\ROOT_SHAREPOINT_SINGLE_DOOR_20260615-150954.md
Read-back CSV: C:\Users\adamg\01. Code Projects\AG Operations Workspace Setup\inventory\access-repair\root-sharepoint-single-door-readback-20260615-150954.csv
**********************
PowerShell transcript end
End time: 20260615151003
**********************
