**********************
PowerShell transcript start
Start time: 20260615152158
Username: WINDOWS2026\adamg
RunAs User: WINDOWS2026\adamg
Configuration Name:
Machine: WINDOWS2026 (Microsoft Windows NT 10.0.26200.0)
Host Application: C:\Program Files\PowerShell\7\pwsh.dll -NoProfile -ExecutionPolicy Bypass -File C:\Users\adamg\AppData\Local\Temp\tenant-site-secondary-admin-grant.ps1
Process ID: 16252
PSVersion: 7.6.2
PSEdition: Core
GitCommitId: 7.6.2
OS: Microsoft Windows 10.0.26200
Platform: Win32NT
PSCompatibleVersions: 1.0, 2.0, 3.0, 4.0, 5.0, 5.1, 6.0, 7.0
PSRemotingProtocolVersion: 2.4
SerializationVersion: 1.1.0.1
WSManStackVersion: 3.0
**********************
Cache used. Clear the cache entry with Disconnect-PnPOnline
Adding secondary site collection admins on https://agoperationsltd.sharepoint.com/: adamgoodwin@guidedailabs.com, admin@agoperations.ca
Adding secondary site collection admins on https://agoperationsltd.sharepoint.com/search: adamgoodwin@guidedailabs.com, admin@agoperations.ca
Adding secondary site collection admins on https://agoperationsltd.sharepoint.com/sites/A.G.OperationsLtd: adamgoodwin@guidedailabs.com, admin@agoperations.ca
Adding secondary site collection admins on https://agoperationsltd.sharepoint.com/sites/AGOperations: adamgoodwin@guidedailabs.com, admin@agoperations.ca
Adding secondary site collection admins on https://agoperationsltd.sharepoint.com/sites/allcompany: adamgoodwin@guidedailabs.com, admin@agoperations.ca
Adding secondary site collection admins on https://agoperationsltd.sharepoint.com/sites/ChangeLeadershipTools: adamgoodwin@guidedailabs.com, admin@agoperations.ca
Adding secondary site collection admins on https://agoperationsltd.sharepoint.com/sites/groupforanswersinvivaengagedonotdelete1521570944958464273: adamgoodwin@guidedailabs.com, admin@agoperations.ca
Adding secondary site collection admins on https://agoperationsltd.sharepoint.com/sites/GuidedAIJourney: adamgoodwin@guidedailabs.com, admin@agoperations.ca
Adding secondary site collection admins on https://agoperationsltd.sharepoint.com/sites/GuidedAILabs: adamgoodwin@guidedailabs.com, admin@agoperations.ca
Adding secondary site collection admins on https://agoperationsltd.sharepoint.com/sites/SharedLibraries: adamgoodwin@guidedailabs.com, admin@agoperations.ca
Summary: C:\Users\adamg\01. Code Projects\AG Operations Workspace Setup\inventory\access-repair\TENANT_SITE_SECONDARY_ADMIN_GRANT_20260615-152158.md
**********************
PowerShell transcript end
End time: 20260615152213
**********************
