**********************
PowerShell transcript start
Start time: 20260614133641
Username: WINDOWS2026\adamg
RunAs User: WINDOWS2026\adamg
Configuration Name: 
Machine: WINDOWS2026 (Microsoft Windows NT 10.0.26200.0)
Host Application: C:\Program Files\PowerShell\7\pwsh.dll -NoProfile -ExecutionPolicy Bypass -File C:\Users\adamg\01. Code Projects\AG Operations Workspace Setup\scripts\Test-M365Stage6PnPTokenClaims.ps1
Process ID: 1600
PSVersion: 7.6.2
PSEdition: Core
GitCommitId: 7.6.2
OS: Microsoft Windows 10.0.26200
Platform: Win32NT
PSCompatibleVersions: 1.0, 2.0, 3.0, 4.0, 5.0, 5.1, 6.0, 7.0
PSRemotingProtocolVersion: 2.4
SerializationVersion: 1.1.0.1
WSManStackVersion: 3.0
**********************
Microsoft 365 Stage 6 - PnP token claims diagnostic (READ-ONLY)
Site: https://agoperationsltd.sharepoint.com/sites/GuidedAILabs
Log:  C:\Users\adamg\01. Code Projects\AG Operations Workspace Setup\inventory\stage-6-operating-state\stage-6-pnp-token-claims-20260614-133641.log
This diagnostic prints decoded claims only, not bearer tokens.
ConnectionType: O365
ConnectedUrl:    https://agoperationsltd.sharepoint.com/sites/guidedailabs

== SharePoint root token ==
Resource: https://agoperationsltd.sharepoint.com
DecodedType: Microsoft.IdentityModel.JsonWebTokens.JsonWebToken
Properties:  Actor, Alg, Audiences, AuthenticationTag, Azp, Ciphertext, Claims, Cty, Enc, EncodedHeader, EncodedPayload, EncodedSignature, EncodedToken, EncryptedKey, Id, InitializationVector, InnerToken, IsEncrypted, IsSigned, IssuedAt, Issuer, Kid, SecurityKey, SigningKey, Subject, Typ, ValidFrom, ValidTo, X5t, Zip

audiences          : 00000003-0000-0ff1-ce00-000000000000
appid              : 46a71fd0-068c-4f89-9575-65c6405ca067
azp                : 
scp                : AllSites.FullControl Group.ReadWrite.All User.Read
roles              : 
upn                : admin@agoperations.ca
preferred_username : 
tid                : 1ca92af5-21ff-42e3-87ae-3bde9c2cc501
issuer             : https://sts.windows.net/1ca92af5-21ff-42e3-87ae-3bde9c2cc501/
validFrom          : 2026-06-14 7:09:21 PM
validTo            : 2026-06-14 8:40:47 PM


== SharePoint site token ==
Resource: https://agoperationsltd.sharepoint.com/sites/GuidedAILabs
DecodedType: Microsoft.IdentityModel.JsonWebTokens.JsonWebToken
Properties:  Actor, Alg, Audiences, AuthenticationTag, Azp, Ciphertext, Claims, Cty, Enc, EncodedHeader, EncodedPayload, EncodedSignature, EncodedToken, EncryptedKey, Id, InitializationVector, InnerToken, IsEncrypted, IsSigned, IssuedAt, Issuer, Kid, SecurityKey, SigningKey, Subject, Typ, ValidFrom, ValidTo, X5t, Zip

audiences          : 00000003-0000-0ff1-ce00-000000000000
appid              : 46a71fd0-068c-4f89-9575-65c6405ca067
azp                : 
scp                : AllSites.FullControl Group.ReadWrite.All User.Read
roles              : 
upn                : admin@agoperations.ca
preferred_username : 
tid                : 1ca92af5-21ff-42e3-87ae-3bde9c2cc501
issuer             : https://sts.windows.net/1ca92af5-21ff-42e3-87ae-3bde9c2cc501/
validFrom          : 2026-06-14 7:09:21 PM
validTo            : 2026-06-14 8:40:47 PM


== Microsoft Graph token ==
Resource: https://graph.microsoft.com
DecodedType: Microsoft.IdentityModel.JsonWebTokens.JsonWebToken
Properties:  Actor, Alg, Audiences, AuthenticationTag, Azp, Ciphertext, Claims, Cty, Enc, EncodedHeader, EncodedPayload, EncodedSignature, EncodedToken, EncryptedKey, Id, InitializationVector, InnerToken, IsEncrypted, IsSigned, IssuedAt, Issuer, Kid, SecurityKey, SigningKey, Subject, Typ, ValidFrom, ValidTo, X5t, Zip

audiences          : https://graph.microsoft.com
appid              : 46a71fd0-068c-4f89-9575-65c6405ca067
azp                : 
scp                : AllSites.FullControl Group.ReadWrite.All User.Read profile openid email
roles              : 
upn                : admin@agoperations.ca
preferred_username : 
tid                : 1ca92af5-21ff-42e3-87ae-3bde9c2cc501
issuer             : https://sts.windows.net/1ca92af5-21ff-42e3-87ae-3bde9c2cc501/
validFrom          : 2026-06-14 7:30:27 PM
validTo            : 2026-06-14 8:58:09 PM


Transcript: C:\Users\adamg\01. Code Projects\AG Operations Workspace Setup\inventory\stage-6-operating-state\stage-6-pnp-token-claims-20260614-133641.log
**********************
PowerShell transcript end
End time: 20260614133642
**********************
