**********************
PowerShell transcript start
Start time: 20260614104314
Username: WINDOWS2026\adamg
RunAs User: WINDOWS2026\adamg
Configuration Name: 
Machine: WINDOWS2026 (Microsoft Windows NT 10.0.26200.0)
Host Application: C:\Program Files\PowerShell\7\pwsh.dll -NoProfile -ExecutionPolicy Bypass -File C:\Users\adamg\01. Code Projects\AG Operations Workspace Setup\scripts\Invoke-M365Stage6ProvisionLists.ps1
Process ID: 9684
PSVersion: 7.6.2
PSEdition: Core
GitCommitId: 7.6.2
OS: Microsoft Windows 10.0.26200
Platform: Win32NT
PSCompatibleVersions: 1.0, 2.0, 3.0, 4.0, 5.0, 5.1, 6.0, 7.0
PSRemotingProtocolVersion: 2.4
SerializationVersion: 1.1.0.1
WSManStackVersion: 3.0
**********************
Microsoft 365 Stage 6 - Provision operating-state Lists

Schema: C:\Users\adamg\01. Code Projects\AG Operations Workspace Setup\config\M365_STAGE_6_OPERATING_STATE_SCHEMA.json
Root:   https://agoperationsltd.sharepoint.com
Log:    C:\Users\adamg\01. Code Projects\AG Operations Workspace Setup\inventory\stage-6-operating-state\stage-6-provision-lists-20260614-104314.log

This will create or update these Microsoft Lists:
- Guided AI Labs - Intake Register (https://agoperationsltd.sharepoint.com/sites/GuidedAILabs)
- Change Leadership Tools - Support Register (https://agoperationsltd.sharepoint.com/sites/ChangeLeadershipTools)
- Agent Action Log (https://agoperationsltd.sharepoint.com/sites/GuidedAILabs)
- Decision Register (https://agoperationsltd.sharepoint.com/sites/GuidedAILabs)

It will NOT create Teams, Planner plans, guest access, external sharing, mailbox rules, or automation.


== Site: Change Leadership Tools (https://agoperationsltd.sharepoint.com/sites/ChangeLeadershipTools) ==
A Microsoft sign-in window may open. Sign in as adamgoodwin@guidedailabs.com. PnP persistent login is enabled.

== List: Change Leadership Tools - Support Register ==
PS>TerminatingError(New-PnPList): "The running command stopped because the preference variable "ErrorActionPreference" or common parameter is set to Stop: Attempted to perform an unauthorized operation."
>> TerminatingError(New-PnPList): "The running command stopped because the preference variable "ErrorActionPreference" or common parameter is set to Stop: Attempted to perform an unauthorized operation."
The running command stopped because the preference variable "ErrorActionPreference" or common parameter is set to Stop: Attempted to perform an unauthorized operation.
New-PnPList: C:\Users\adamg\01. Code Projects\AG Operations Workspace Setup\scripts\Invoke-M365Stage6ProvisionLists.ps1:171
Line |
 171 |              New-PnPList -Title $list.title -Template GenericList -OnQ …
     |              ~~~~~~~~~~~~~~~~~~~~~~~~~~~~~~~~~~~~~~~~~~~~~~~~~~~~~~~~~
     | Attempted to perform an unauthorized operation.

**********************
PowerShell transcript end
End time: 20260614104439
**********************
