**********************
PowerShell transcript start
Start time: 20260614131944
Username: WINDOWS2026\adamg
RunAs User: WINDOWS2026\adamg
Configuration Name: 
Machine: WINDOWS2026 (Microsoft Windows NT 10.0.26200.0)
Host Application: C:\Program Files\PowerShell\7\pwsh.dll -NoProfile -ExecutionPolicy Bypass -File C:\Users\adamg\01. Code Projects\AG Operations Workspace Setup\scripts\Test-M365Stage6PnPPermissions.ps1
Process ID: 18576
PSVersion: 7.6.2
PSEdition: Core
GitCommitId: 7.6.2
OS: Microsoft Windows 10.0.26200
Platform: Win32NT
PSCompatibleVersions: 1.0, 2.0, 3.0, 4.0, 5.0, 5.1, 6.0, 7.0
PSRemotingProtocolVersion: 2.4
SerializationVersion: 1.1.0.1
WSManStackVersion: 3.0
**********************
Microsoft 365 Stage 6 - PnP permission diagnostic (READ-ONLY)
Root: https://agoperationsltd.sharepoint.com
Log:  C:\Users\adamg\01. Code Projects\AG Operations Workspace Setup\inventory\stage-6-operating-state\stage-6-pnp-permissions-20260614-131944.log

== Change Leadership Tools (https://agoperationsltd.sharepoint.com/sites/ChangeLeadershipTools) ==
ConnectionType: O365
ConnectedUrl:    https://agoperationsltd.sharepoint.com/sites/changeleadershiptools
PS>TerminatingError(Get-PnPWeb): "The running command stopped because the preference variable "ErrorActionPreference" or common parameter is set to Stop: Attempted to perform an unauthorized operation."
FAIL: Attempted to perform an unauthorized operation.

== Guided AI Labs (https://agoperationsltd.sharepoint.com/sites/GuidedAILabs) ==
ConnectionType: O365
ConnectedUrl:    https://agoperationsltd.sharepoint.com/sites/guidedailabs
PS>TerminatingError(Get-PnPWeb): "The running command stopped because the preference variable "ErrorActionPreference" or common parameter is set to Stop: Attempted to perform an unauthorized operation."
FAIL: Attempted to perform an unauthorized operation.

Transcript: C:\Users\adamg\01. Code Projects\AG Operations Workspace Setup\inventory\stage-6-operating-state\stage-6-pnp-permissions-20260614-131944.log
**********************
PowerShell transcript end
End time: 20260614131945
**********************
