**********************
PowerShell transcript start
Start time: 20260614133909
Username: WINDOWS2026\adamg
RunAs User: WINDOWS2026\adamg
Configuration Name: 
Machine: WINDOWS2026 (Microsoft Windows NT 10.0.26200.0)
Host Application: C:\Program Files\PowerShell\7\pwsh.dll -NoProfile -ExecutionPolicy Bypass -File C:\Users\adamg\01. Code Projects\AG Operations Workspace Setup\scripts\Test-M365Stage6PnPPermissions.ps1 -UseDeviceLogin
Process ID: 10492
PSVersion: 7.6.2
PSEdition: Core
GitCommitId: 7.6.2
OS: Microsoft Windows 10.0.26200
Platform: Win32NT
PSCompatibleVersions: 1.0, 2.0, 3.0, 4.0, 5.0, 5.1, 6.0, 7.0
PSRemotingProtocolVersion: 2.4
SerializationVersion: 1.1.0.1
WSManStackVersion: 3.0
**********************
Microsoft 365 Stage 6 - PnP permission diagnostic (READ-ONLY)
Root: https://agoperationsltd.sharepoint.com
Log:  C:\Users\adamg\01. Code Projects\AG Operations Workspace Setup\inventory\stage-6-operating-state\stage-6-pnp-permissions-20260614-133909.log
Expected signed-in user: adamgoodwin@guidedailabs.com
Auth: device login enabled

== Change Leadership Tools (https://agoperationsltd.sharepoint.com/sites/ChangeLeadershipTools) ==
WARNING: 
                                                                                                                 
                                                                                                                 
 Code ET8CRVMEE has been copied to your clipboard and a new tab in the browser has been opened. Please paste this
 code in there and proceed.                                                                                      
                                                                                                                 
                                                                                                                 

ConnectionType: O365
ConnectedUrl:    https://agoperationsltd.sharepoint.com/sites/ChangeLeadershipTools
Connected user:  adamgoodwin@guidedailabs.com
Web:             Change Leadership Tools
CurrentUser:     i:0#.f|membership|adamgoodwin@guidedailabs.com
Owners group:    Change Leadership Tools Owners
Members group:   Change Leadership Tools Members
Visible lists:   Archive, Documents, Form Templates, Product, Site Pages, Style Library, Support
Read-only diagnostic complete for this site.

== Guided AI Labs (https://agoperationsltd.sharepoint.com/sites/GuidedAILabs) ==
ConnectionType: O365
ConnectedUrl:    https://agoperationsltd.sharepoint.com/sites/GuidedAILabs
Connected user:  adamgoodwin@guidedailabs.com
Web:             Guided AI Labs
CurrentUser:     i:0#.f|membership|adamgoodwin@guidedailabs.com
Owners group:    Guided AI Labs Owners
Members group:   Guided AI Labs Members
Visible lists:   Archive, Client_Delivery, Documents, Form Templates, Operating, Site Pages, Style Library, Templates_Methods
Read-only diagnostic complete for this site.

Transcript: C:\Users\adamg\01. Code Projects\AG Operations Workspace Setup\inventory\stage-6-operating-state\stage-6-pnp-permissions-20260614-133909.log
**********************
PowerShell transcript end
End time: 20260614134220
**********************
