**********************
PowerShell transcript start
Start time: 20260614133527
Username: WINDOWS2026\adamg
RunAs User: WINDOWS2026\adamg
Configuration Name: 
Machine: WINDOWS2026 (Microsoft Windows NT 10.0.26200.0)
Host Application: C:\Program Files\PowerShell\7\pwsh.dll -NoProfile -ExecutionPolicy Bypass -File C:\Users\adamg\01. Code Projects\AG Operations Workspace Setup\scripts\Test-M365Stage6PnPTokenClaims.ps1 -ForceFreshLogin
Process ID: 19312
PSVersion: 7.6.2
PSEdition: Core
GitCommitId: 7.6.2
OS: Microsoft Windows 10.0.26200
Platform: Win32NT
PSCompatibleVersions: 1.0, 2.0, 3.0, 4.0, 5.0, 5.1, 6.0, 7.0
PSRemotingProtocolVersion: 2.4
SerializationVersion: 1.1.0.1
WSManStackVersion: 3.0
**********************
Microsoft 365 Stage 6 - PnP token claims diagnostic (READ-ONLY)
Site: https://agoperationsltd.sharepoint.com/sites/GuidedAILabs
Log:  C:\Users\adamg\01. Code Projects\AG Operations Workspace Setup\inventory\stage-6-operating-state\stage-6-pnp-token-claims-20260614-133527.log
This diagnostic prints decoded claims only, not bearer tokens.
ConnectionType: O365
ConnectedUrl:    https://agoperationsltd.sharepoint.com/sites/guidedailabs

== SharePoint root token ==
Resource: https://agoperationsltd.sharepoint.com

aud                : 
appid              : 
azp                : 
scp                : 
roles              : 
upn                : 
preferred_username : 
tid                : 
iss                : 


== SharePoint site token ==
Resource: https://agoperationsltd.sharepoint.com/sites/GuidedAILabs

aud                : 
appid              : 
azp                : 
scp                : 
roles              : 
upn                : 
preferred_username : 
tid                : 
iss                : 


== Microsoft Graph token ==
Resource: https://graph.microsoft.com

aud                : 
appid              : 
azp                : 
scp                : 
roles              : 
upn                : 
preferred_username : 
tid                : 
iss                : 


Transcript: C:\Users\adamg\01. Code Projects\AG Operations Workspace Setup\inventory\stage-6-operating-state\stage-6-pnp-token-claims-20260614-133527.log
**********************
PowerShell transcript end
End time: 20260614133529
**********************
