**********************
PowerShell transcript start
Start time: 20260614105658
Username: WINDOWS2026\adamg
RunAs User: WINDOWS2026\adamg
Configuration Name: 
Machine: WINDOWS2026 (Microsoft Windows NT 10.0.26200.0)
Host Application: C:\Program Files\PowerShell\7\pwsh.dll -NoProfile -ExecutionPolicy Bypass -File C:\Users\adamg\01. Code Projects\AG Operations Workspace Setup\scripts\Invoke-M365Stage6EnsureSiteAdmins.ps1 -ForceFreshLogin
Process ID: 32808
PSVersion: 7.6.2
PSEdition: Core
GitCommitId: 7.6.2
OS: Microsoft Windows 10.0.26200
Platform: Win32NT
PSCompatibleVersions: 1.0, 2.0, 3.0, 4.0, 5.0, 5.1, 6.0, 7.0
PSRemotingProtocolVersion: 2.4
SerializationVersion: 1.1.0.1
WSManStackVersion: 3.0
**********************
Microsoft 365 Stage 6 - Ensure site collection admin prerequisites
Admin URL: https://agoperationsltd-admin.sharepoint.com
Owner:     adamgoodwin@guidedailabs.com
Log:       C:\Users\adamg\01. Code Projects\AG Operations Workspace Setup\inventory\stage-6-operating-state\stage-6-ensure-site-admins-20260614-105658.log

This will add the owner above as a SECONDARY site collection administrator on:
- https://agoperationsltd.sharepoint.com/sites/ChangeLeadershipTools
- https://agoperationsltd.sharepoint.com/sites/GuidedAILabs

It will NOT create Lists, Teams, Planner plans, guests, sharing changes, mailbox rules, or automation.


Connecting to SharePoint admin endpoint...
Connected.

== https://agoperationsltd.sharepoint.com/sites/ChangeLeadershipTools ==
[OK] Ensured secondary site collection admin: adamgoodwin@guidedailabs.com

== https://agoperationsltd.sharepoint.com/sites/GuidedAILabs ==
[OK] Ensured secondary site collection admin: adamgoodwin@guidedailabs.com

Done. Rerun Stage 6 Lists provisioning next.
Transcript: C:\Users\adamg\01. Code Projects\AG Operations Workspace Setup\inventory\stage-6-operating-state\stage-6-ensure-site-admins-20260614-105658.log
**********************
PowerShell transcript end
End time: 20260614105740
**********************
