**********************
PowerShell transcript start
Start time: 20260614133810
Username: WINDOWS2026\adamg
RunAs User: WINDOWS2026\adamg
Configuration Name: 
Machine: WINDOWS2026 (Microsoft Windows NT 10.0.26200.0)
Host Application: C:\Program Files\PowerShell\7\pwsh.dll -NoProfile -ExecutionPolicy Bypass -File C:\Users\adamg\01. Code Projects\AG Operations Workspace Setup\scripts\Test-M365Stage6PnPPermissions.ps1 -UseDeviceLogin
Process ID: 14864
PSVersion: 7.6.2
PSEdition: Core
GitCommitId: 7.6.2
OS: Microsoft Windows 10.0.26200
Platform: Win32NT
PSCompatibleVersions: 1.0, 2.0, 3.0, 4.0, 5.0, 5.1, 6.0, 7.0
PSRemotingProtocolVersion: 2.4
SerializationVersion: 1.1.0.1
WSManStackVersion: 3.0
**********************
Microsoft 365 Stage 6 - PnP permission diagnostic (READ-ONLY)
Root: https://agoperationsltd.sharepoint.com
Log:  C:\Users\adamg\01. Code Projects\AG Operations Workspace Setup\inventory\stage-6-operating-state\stage-6-pnp-permissions-20260614-133810.log
Expected signed-in user: adamgoodwin@guidedailabs.com
Auth: device login enabled

== Change Leadership Tools (https://agoperationsltd.sharepoint.com/sites/ChangeLeadershipTools) ==
ConnectionType: O365
ConnectedUrl:    https://agoperationsltd.sharepoint.com/sites/ChangeLeadershipTools
Connected user:  admin@agoperations.ca
PS>TerminatingError(): "Wrong signed-in user. Expected 'adamgoodwin@guidedailabs.com' but token is for 'admin@agoperations.ca'. Re-run with -UseDeviceLogin and choose the expected account."
FAIL: Wrong signed-in user. Expected 'adamgoodwin@guidedailabs.com' but token is for 'admin@agoperations.ca'. Re-run with -UseDeviceLogin and choose the expected account.

== Guided AI Labs (https://agoperationsltd.sharepoint.com/sites/GuidedAILabs) ==
ConnectionType: O365
ConnectedUrl:    https://agoperationsltd.sharepoint.com/sites/GuidedAILabs
Connected user:  admin@agoperations.ca
PS>TerminatingError(): "Wrong signed-in user. Expected 'adamgoodwin@guidedailabs.com' but token is for 'admin@agoperations.ca'. Re-run with -UseDeviceLogin and choose the expected account."
FAIL: Wrong signed-in user. Expected 'adamgoodwin@guidedailabs.com' but token is for 'admin@agoperations.ca'. Re-run with -UseDeviceLogin and choose the expected account.

Transcript: C:\Users\adamg\01. Code Projects\AG Operations Workspace Setup\inventory\stage-6-operating-state\stage-6-pnp-permissions-20260614-133810.log
**********************
PowerShell transcript end
End time: 20260614133811
**********************
