**********************
PowerShell transcript start
Start time: 20260625161859
Username: WINDOWS2026\adamg
RunAs User: WINDOWS2026\adamg
Configuration Name:
Machine: WINDOWS2026 (Microsoft Windows NT 10.0.26200.0)
Host Application: C:\Program Files\PowerShell\7\pwsh.dll -NoProfile -File .\scripts\Invoke-M365NewSignalAlertProof.ps1 -Apply -SkipOperatorEvidence -NoPause
Process ID: 13772
PSVersion: 7.6.2
PSEdition: Core
GitCommitId: 7.6.2
OS: Microsoft Windows 10.0.26200
Platform: Win32NT
PSCompatibleVersions: 1.0, 2.0, 3.0, 4.0, 5.0, 5.1, 6.0, 7.0
PSRemotingProtocolVersion: 2.4
SerializationVersion: 1.1.0.1
WSManStackVersion: 3.0
**********************
B1 - New Signal Teams alert proof
Mode:       APPLY: create one synthetic CRM signal after typed approval
Output:     C:\Users\adamg\01. Code Projects\AG Operations Workspace Setup\inventory\new-signal-alert\new-signal-alert-proof-20260625-161858.md
Transcript: C:\Users\adamg\01. Code Projects\AG Operations Workspace Setup\inventory\new-signal-alert\new-signal-alert-proof-20260625-161858.log
Safety:     Internal CRM/Teams proof only. No external send, permission change, guest/share change, delete, or QUO action.

== Local B1 artifacts ==
PASS: channel evidence found: Guided AI Labs / New Signal
PASS: flow evidence found: GAIL - New Signal Teams alert (Started)

== Connect to CRM ==
Connected to https://agoperationsltd.sharepoint.com/sites/GuidedAILabs using O365
Connected user: adamgoodwin@guidedailabs.com
PASS: list found: CRM - New Signals (a64ef810-ad45-407b-b1ea-516533a8611d)
PASS: flow evidence list id matches live CRM list id.

== CRM proof item ==

This will create ONE internal synthetic CRM signal for the B1 Teams alert proof.
No external message will be sent. The item is only to trigger the internal New Signal Teams alert.
PASS: proof signal available: #19 B1 New Signal Teams alert proof 20260625-161858
CRM item: https://agoperationsltd.sharepoint.com/sites/GuidedAILabs/Lists/CRM%20%20New%20Signals/DispForm.aspx?ID=19

== Done ==
Proof markdown: C:\Users\adamg\01. Code Projects\AG Operations Workspace Setup\inventory\new-signal-alert\new-signal-alert-proof-20260625-161858.md
Proof JSON:     C:\Users\adamg\01. Code Projects\AG Operations Workspace Setup\inventory\new-signal-alert\new-signal-alert-proof-20260625-161858.json
Status:         pending-operator-evidence
**********************
PowerShell transcript end
End time: 20260625161906
**********************
