**********************
PowerShell transcript start
Start time: 20260625080609
Username: WINDOWS2026\adamg
RunAs User: WINDOWS2026\adamg
Configuration Name:
Machine: WINDOWS2026 (Microsoft Windows NT 10.0.26200.0)
Host Application: C:\Program Files\PowerShell\7\pwsh.dll -NoExit -ExecutionPolicy Bypass -File C:\Users\adamg\01. Code Projects\AG Operations Workspace Setup\scripts\Ensure-M365NewSignalTeamsChannel.ps1 -Apply -UseDeviceCode
Process ID: 14044
PSVersion: 7.6.2
PSEdition: Core
GitCommitId: 7.6.2
OS: Microsoft Windows 10.0.26200
Platform: Win32NT
PSCompatibleVersions: 1.0, 2.0, 3.0, 4.0, 5.0, 5.1, 6.0, 7.0
PSRemotingProtocolVersion: 2.4
SerializationVersion: 1.1.0.1
WSManStackVersion: 3.0
**********************
M365 New Signal Teams channel setup
Group:   Guided AI Labs
Channel: New Signal
Mode:    Apply
Safety: creates only one standard internal channel when -Apply is used.
No guests, external sharing, permission broadening, tenant policy changes, posts, flows, mail, or CRM data changes.

PS>TerminatingError(Connect-MgGraph): "The running command stopped because the preference variable "ErrorActionPreference" or common parameter is set to Stop: Authentication timed out after 120 seconds due to inactivity. Please try again."
>> TerminatingError(Connect-MgGraph): "The running command stopped because the preference variable "ErrorActionPreference" or common parameter is set to Stop: Authentication timed out after 120 seconds due to inactivity. Please try again."
>> TerminatingError(Disconnect-MgGraph): "The running command stopped because the preference variable "ErrorActionPreference" or common parameter is set to Stop: No application to sign out from."
**********************
PowerShell transcript end
End time: 20260625080809
**********************
