**********************
PowerShell transcript start
Start time: 20260625150910
Username: WINDOWS2026\adamg
RunAs User: WINDOWS2026\adamg
Configuration Name:
Machine: WINDOWS2026 (Microsoft Windows NT 10.0.26200.0)
Host Application: C:\Program Files\PowerShell\7\pwsh.dll -File .\scripts\Invoke-M365NewSignalAlertProof.ps1 -Apply
Process ID: 19700
PSVersion: 7.6.2
PSEdition: Core
GitCommitId: 7.6.2
OS: Microsoft Windows 10.0.26200
Platform: Win32NT
PSCompatibleVersions: 1.0, 2.0, 3.0, 4.0, 5.0, 5.1, 6.0, 7.0
PSRemotingProtocolVersion: 2.4
SerializationVersion: 1.1.0.1
WSManStackVersion: 3.0
**********************
B1 - New Signal Teams alert proof
Mode:       APPLY: create one synthetic CRM signal after typed approval
Output:     C:\Users\adamg\01. Code Projects\AG Operations Workspace Setup\inventory\new-signal-alert\new-signal-alert-proof-20260625-150910.md
Transcript: C:\Users\adamg\01. Code Projects\AG Operations Workspace Setup\inventory\new-signal-alert\new-signal-alert-proof-20260625-150910.log
Safety:     Internal CRM/Teams proof only. No external send, permission change, guest/share change, delete, or QUO action.

== Local B1 artifacts ==
MISSING: C:\Users\adamg\01. Code Projects\AG Operations Workspace Setup\inventory\forms-build\new-signal-teams-channel.json
MISSING: C:\Users\adamg\01. Code Projects\AG Operations Workspace Setup\inventory\forms-build\flow-result-new-signal-teams.json

== Connect to CRM ==
Connected to https://agoperationsltd.sharepoint.com/sites/GuidedAILabs using O365
Connected user: adamgoodwin@guidedailabs.com
PASS: list found: CRM - New Signals (a64ef810-ad45-407b-b1ea-516533a8611d)

== CRM proof item ==

This will create ONE internal synthetic CRM signal for the B1 Teams alert proof.
No external message will be sent. The item is only to trigger the internal New Signal Teams alert.
PASS: proof signal available: #18 B1 New Signal Teams alert proof 20260625-150910
CRM item: https://agoperationsltd.sharepoint.com/sites/GuidedAILabs/Lists/CRM%20%20New%20Signals/DispForm.aspx?ID=18

Open Teams channel Guided AI Labs / New Signal and search for this proof title:
  B1 New Signal Teams alert proof 20260625-150910
Capture what you see. This script records evidence only; it does not read Teams messages or request extra Graph scopes.

== Done ==
Proof markdown: C:\Users\adamg\01. Code Projects\AG Operations Workspace Setup\inventory\new-signal-alert\new-signal-alert-proof-20260625-150910.md
Proof JSON:     C:\Users\adamg\01. Code Projects\AG Operations Workspace Setup\inventory\new-signal-alert\new-signal-alert-proof-20260625-150910.json
Status:         fail
**********************
PowerShell transcript end
End time: 20260625154846
**********************
